Size 4, Time 4.616000e-07
Size 8, Time 4.164000e-07
Size 16, Time 5.027500e-07
Size 32, Time 5.113000e-07
Size 64, Time 4.895500e-07
Size 128, Time 4.833500e-07
Size 256, Time 5.036500e-07
Size 512, Time 6.048500e-07
Size 1024, Time 7.573500e-07
Size 2048, Time 1.059350e-06
Size 4096, Time 1.051050e-06
Size 8192, Time 1.939350e-06
Size 16384, Time 2.801600e-06
Size 32768, Time 4.353750e-06
Size 65536, Time 7.695400e-06
Size 131072, Time 1.121875e-05
Size 262144, Time 2.181600e-05
Size 524288, Time 4.067975e-05
Size 1048576, Time 7.831600e-05
Size 4, Time 4.405000e-07
Size 8, Time 4.543500e-07
Size 16, Time 4.760500e-07
Size 32, Time 4.380500e-07
Size 64, Time 4.460500e-07
Size 128, Time 4.741000e-07
Size 256, Time 4.896000e-07
Size 512, Time 5.360000e-07
Size 1024, Time 5.968000e-07
Size 2048, Time 7.406500e-07
Size 4096, Time 1.043400e-06
Size 8192, Time 1.618650e-06
Size 16384, Time 2.487100e-06
Size 32768, Time 3.744500e-06
Size 65536, Time 6.749550e-06
Size 131072, Time 1.056700e-05
Size 262144, Time 2.041175e-05
Size 524288, Time 4.039910e-05
Size 1048576, Time 8.610770e-05
Size 4, Time 4.852000e-07
Size 8, Time 4.484000e-07
Size 16, Time 4.395500e-07
Size 32, Time 4.449000e-07
Size 64, Time 4.537500e-07
Size 128, Time 5.138500e-07
Size 256, Time 5.357000e-07
Size 512, Time 5.296500e-07
Size 1024, Time 6.190500e-07
Size 2048, Time 7.299000e-07
Size 4096, Time 9.879000e-07
Size 8192, Time 1.646050e-06
Size 16384, Time 2.608950e-06
Size 32768, Time 3.909500e-06
Size 65536, Time 6.854100e-06
Size 131072, Time 1.095365e-05
Size 262144, Time 2.209370e-05
Size 524288, Time 4.044755e-05
Size 1048576, Time 8.147630e-05
Size 4, Time 4.537000e-07
Size 8, Time 4.820500e-07
Size 16, Time 5.045500e-07
Size 32, Time 4.668500e-07
Size 64, Time 4.678500e-07
Size 128, Time 4.534000e-07
Size 256, Time 5.064000e-07
Size 512, Time 5.182000e-07
Size 1024, Time 6.401000e-07
Size 2048, Time 7.987500e-07
Size 4096, Time 1.072700e-06
Size 8192, Time 1.610750e-06
Size 16384, Time 2.628350e-06
Size 32768, Time 3.969450e-06
Size 65536, Time 7.044050e-06
Size 131072, Time 1.092870e-05
Size 262144, Time 2.155185e-05
Size 524288, Time 4.138860e-05
Size 1048576, Time 7.833565e-05
Size 4, Time 4.491000e-07
Size 8, Time 4.702000e-07
Size 16, Time 5.141000e-07
Size 32, Time 5.036500e-07
Size 64, Time 4.979500e-07
Size 128, Time 4.811500e-07
Size 256, Time 5.180500e-07
Size 512, Time 5.333500e-07
Size 1024, Time 6.354000e-07
Size 2048, Time 8.477500e-07
Size 4096, Time 9.897000e-07
Size 8192, Time 1.546650e-06
Size 16384, Time 2.559550e-06
Size 32768, Time 3.921400e-06
Size 65536, Time 6.991550e-06
Size 131072, Time 1.123045e-05
Size 262144, Time 2.120680e-05
Size 524288, Time 3.882095e-05
Size 1048576, Time 7.818175e-05
